SF:lib/src/factory.dart
DA:15,0
DA:18,2
DA:21,2
DA:24,2
DA:27,0
DA:30,0
DA:33,0
LF:7
LH:3
end_of_record
SF:lib/src/custom_validator.dart
DA:11,0
DA:12,0
LF:2
LH:0
end_of_record
SF:lib/src/validators/boolean_validator.dart
DA:6,1
DA:7,2
DA:8,1
DA:15,1
DA:16,2
DA:17,1
DA:24,0
DA:25,0
DA:26,0
DA:33,0
DA:34,0
DA:35,0
DA:42,1
DA:43,2
DA:44,1
DA:46,1
DA:48,2
DA:53,1
DA:54,2
DA:55,1
DA:57,2
DA:62,1
DA:63,2
DA:64,1
DA:66,1
DA:71,1
DA:72,2
DA:73,1
DA:75,1
DA:80,1
DA:81,2
DA:85,1
DA:87,2
DA:88,2
DA:89,2
LF:35
LH:29
end_of_record
SF:lib/src/validators/date_validator.dart
DA:9,1
DA:10,2
DA:14,1
DA:15,2
DA:16,2
DA:21,1
DA:22,2
DA:23,1
DA:25,1
DA:27,2
DA:32,1
DA:33,2
DA:34,1
DA:36,1
DA:38,2
DA:43,1
DA:44,2
DA:45,1
DA:47,2
DA:49,3
DA:54,1
DA:55,2
DA:56,1
DA:58,1
DA:60,2
DA:65,1
DA:66,2
DA:67,1
DA:69,1
DA:71,2
DA:76,1
DA:77,2
DA:78,1
DA:80,4
DA:87,1
DA:88,2
DA:89,1
DA:91,4
DA:98,1
DA:99,2
DA:100,1
DA:102,2
DA:107,1
DA:108,2
DA:109,1
DA:111,2
DA:116,1
DA:119,2
DA:126,1
DA:127,2
LF:50
LH:50
end_of_record
SF:lib/src/validators/list_validator.dart
DA:6,2
DA:7,3
DA:8,2
DA:9,1
DA:15,2
DA:16,3
DA:17,2
DA:18,1
DA:24,1
DA:25,2
DA:26,2
DA:27,1
DA:33,1
DA:34,2
DA:36,4
DA:41,1
DA:42,2
DA:43,1
DA:44,1
LF:19
LH:19
end_of_record
SF:lib/src/validators/number_validator.dart
DA:6,1
DA:7,2
DA:8,2
DA:16,2
DA:17,4
DA:18,2
DA:20,3
DA:25,1
DA:26,2
DA:27,1
DA:29,2
DA:34,1
DA:35,2
DA:36,1
DA:38,1
DA:43,1
DA:44,2
DA:45,1
DA:47,1
DA:52,1
DA:53,2
DA:54,1
DA:56,1
DA:61,1
DA:62,2
DA:63,1
DA:65,3
DA:70,1
DA:71,2
DA:72,1
DA:74,2
DA:79,1
DA:80,2
DA:81,1
DA:83,2
DA:88,1
DA:89,2
DA:90,1
DA:93,1
DA:94,1
DA:95,2
DA:97,3
DA:98,1
DA:100,1
DA:105,1
DA:106,2
DA:107,1
DA:108,2
DA:116,1
DA:117,2
DA:118,1
DA:120,2
DA:125,1
DA:126,2
DA:127,1
DA:129,2
DA:131,1
DA:136,2
DA:137,2
DA:138,4
LF:60
LH:60
end_of_record
SF:lib/src/validators/object_validator.dart
DA:10,1
DA:11,2
DA:16,1
DA:17,2
DA:22,1
DA:24,1
DA:26,0
DA:27,0
DA:32,1
DA:33,1
DA:38,0
DA:39,0
DA:40,0
DA:46,1
DA:48,1
DA:52,1
DA:54,1
DA:55,0
DA:59,1
DA:62,1
DA:64,1
DA:65,6
DA:66,3
DA:69,3
DA:70,3
DA:71,1
DA:73,2
DA:74,3
DA:75,1
DA:81,0
DA:83,0
LF:31
LH:23
end_of_record
SF:lib/src/validators/string_validator.dart
DA:8,0
DA:9,0
DA:10,0
DA:14,1
DA:15,4
DA:16,1
DA:21,0
DA:22,0
DA:23,0
DA:28,0
DA:29,0
DA:30,0
DA:35,1
DA:36,2
DA:40,0
DA:41,0
DA:42,0
DA:48,1
DA:49,1
DA:50,0
DA:55,0
DA:56,0
DA:57,0
DA:58,0
DA:63,0
DA:64,0
DA:65,0
DA:66,0
DA:71,0
DA:72,0
DA:73,0
DA:74,0
DA:79,0
DA:80,0
DA:81,0
DA:87,0
DA:88,0
DA:93,0
DA:94,0
DA:98,0
DA:99,0
DA:103,0
DA:104,0
DA:105,0
DA:111,0
DA:112,0
DA:113,0
DA:119,0
DA:120,0
DA:123,0
DA:132,0
DA:133,0
DA:137,0
DA:138,0
DA:142,0
DA:143,0
DA:147,0
DA:148,0
DA:152,0
DA:153,0
DA:154,0
DA:159,0
DA:160,0
DA:164,0
DA:165,0
DA:169,0
DA:170,0
LF:67
LH:7
end_of_record
SF:lib/src/validator.dart
DA:4,0
DA:6,5
DA:7,10
DA:11,0
DA:12,0
DA:21,5
DA:22,5
DA:24,10
DA:25,5
DA:28,0
DA:38,0
DA:39,0
DA:43,0
DA:44,0
LF:14
LH:6
end_of_record
